{"C:\\Users\\smeno\\OneDrive\\Рабочий стол\\BikePark\\maket\\js\\components\\middleComponents\\searchResult\\initQuantityCards\\initQuantityCards.ts": {"path":"C:\\Users\\smeno\\OneDrive\\Рабочий стол\\BikePark\\maket\\js\\components\\middleComponents\\searchResult\\initQuantityCards\\initQuantityCards.ts","statementMap":{"0":{"start":{"line":3,"column":0},"end":{"line":9,"column":null}},"1":{"start":{"line":4,"column":4},"end":{"line":8,"column":null}},"2":{"start":{"line":5,"column":8},"end":{"line":5,"column":null}},"3":{"start":{"line":7,"column":8},"end":{"line":7,"column":null}}},"fnMap":{"0":{"name":"(anonymous_0)","decl":{"start":{"line":3,"column":15},"end":{"line":3,"column":16}},"loc":{"start":{"line":3,"column":38},"end":{"line":9,"column":1}}}},"branchMap":{"0":{"loc":{"start":{"line":4,"column":4},"end":{"line":8,"column":null}},"type":"if","locations":[{"start":{"line":4,"column":4},"end":{"line":8,"column":null}},{"start":{"line":6,"column":9},"end":{"line":8,"column":null}}]}},"s":{"0":1,"1":4,"2":2,"3":2},"f":{"0":4},"b":{"0":[2,2]}}
,"C:\\Users\\smeno\\OneDrive\\Рабочий стол\\BikePark\\maket\\js\\mainFunctions\\events\\change\\calendar\\calendarListenerChange.ts": {"path":"C:\\Users\\smeno\\OneDrive\\Рабочий стол\\BikePark\\maket\\js\\mainFunctions\\events\\change\\calendar\\calendarListenerChange.ts","statementMap":{"0":{"start":{"line":1,"column":0},"end":{"line":1,"column":72}},"1":{"start":{"line":5,"column":0},"end":{"line":29,"column":null}},"2":{"start":{"line":6,"column":24},"end":{"line":6,"column":36}},"3":{"start":{"line":8,"column":36},"end":{"line":8,"column":69}},"4":{"start":{"line":9,"column":34},"end":{"line":9,"column":56}},"5":{"start":{"line":10,"column":20},"end":{"line":10,"column":31}},"6":{"start":{"line":12,"column":4},"end":{"line":18,"column":null}},"7":{"start":{"line":13,"column":8},"end":{"line":15,"column":null}},"8":{"start":{"line":14,"column":12},"end":{"line":14,"column":45}},"9":{"start":{"line":14,"column":46},"end":{"line":14,"column":null}},"10":{"start":{"line":15,"column":14},"end":{"line":15,"column":null}},"11":{"start":{"line":15,"column":29},"end":{"line":15,"column":49}},"12":{"start":{"line":17,"column":8},"end":{"line":17,"column":null}},"13":{"start":{"line":17,"column":57},"end":{"line":17,"column":83}},"14":{"start":{"line":18,"column":10},"end":{"line":18,"column":30}},"15":{"start":{"line":18,"column":31},"end":{"line":18,"column":46}},"16":{"start":{"line":20,"column":4},"end":{"line":22,"column":null}},"17":{"start":{"line":21,"column":8},"end":{"line":21,"column":null}},"18":{"start":{"line":21,"column":22},"end":{"line":21,"column":41}},"19":{"start":{"line":22,"column":10},"end":{"line":22,"column":29}},"20":{"start":{"line":22,"column":30},"end":{"line":22,"column":45}},"21":{"start":{"line":24,"column":4},"end":{"line":28,"column":null}},"22":{"start":{"line":25,"column":8},"end":{"line":27,"column":null}},"23":{"start":{"line":26,"column":12},"end":{"line":26,"column":null}},"24":{"start":{"line":27,"column":14},"end":{"line":27,"column":56}},"25":{"start":{"line":28,"column":10},"end":{"line":28,"column":44}},"26":{"start":{"line":32,"column":4},"end":{"line":32,"column":null}},"27":{"start":{"line":33,"column":4},"end":{"line":33,"column":null}},"28":{"start":{"line":33,"column":19},"end":{"line":33,"column":52}}},"fnMap":{"0":{"name":"(anonymous_0)","decl":{"start":{"line":5,"column":15},"end":{"line":5,"column":16}},"loc":{"start":{"line":5,"column":50},"end":{"line":29,"column":1}}},"1":{"name":"warning","decl":{"start":{"line":31,"column":9},"end":{"line":31,"column":16}},"loc":{"start":{"line":31,"column":40},"end":{"line":34,"column":1}}},"2":{"name":"(anonymous_2)","decl":{"start":{"line":33,"column":15},"end":{"line":33,"column":17}},"loc":{"start":{"line":33,"column":19},"end":{"line":33,"column":52}}}},"branchMap":{"0":{"loc":{"start":{"line":9,"column":11},"end":{"line":9,"column":20}},"type":"default-arg","locations":[{"start":{"line":9,"column":18},"end":{"line":9,"column":20}}]},"1":{"loc":{"start":{"line":9,"column":22},"end":{"line":9,"column":30}},"type":"default-arg","locations":[{"start":{"line":9,"column":28},"end":{"line":9,"column":30}}]},"2":{"loc":{"start":{"line":12,"column":4},"end":{"line":18,"column":null}},"type":"if","locations":[{"start":{"line":12,"column":4},"end":{"line":18,"column":null}},{"start":{"line":18,"column":9},"end":{"line":18,"column":null}}]},"3":{"loc":{"start":{"line":12,"column":7},"end":{"line":12,"column":28}},"type":"binary-expr","locations":[{"start":{"line":12,"column":7},"end":{"line":12,"column":11}},{"start":{"line":12,"column":15},"end":{"line":12,"column":28}}]},"4":{"loc":{"start":{"line":13,"column":8},"end":{"line":15,"column":null}},"type":"if","locations":[{"start":{"line":13,"column":8},"end":{"line":15,"column":null}},{"start":{"line":15,"column":14},"end":{"line":15,"column":null}}]},"5":{"loc":{"start":{"line":15,"column":14},"end":{"line":15,"column":null}},"type":"if","locations":[{"start":{"line":15,"column":14},"end":{"line":15,"column":null}}]},"6":{"loc":{"start":{"line":17,"column":8},"end":{"line":17,"column":null}},"type":"if","locations":[{"start":{"line":17,"column":8},"end":{"line":17,"column":null}}]},"7":{"loc":{"start":{"line":17,"column":11},"end":{"line":17,"column":55}},"type":"binary-expr","locations":[{"start":{"line":17,"column":11},"end":{"line":17,"column":21}},{"start":{"line":17,"column":25},"end":{"line":17,"column":42}},{"start":{"line":17,"column":46},"end":{"line":17,"column":55}}]},"8":{"loc":{"start":{"line":20,"column":4},"end":{"line":22,"column":null}},"type":"if","locations":[{"start":{"line":20,"column":4},"end":{"line":22,"column":null}},{"start":{"line":22,"column":9},"end":{"line":22,"column":null}}]},"9":{"loc":{"start":{"line":21,"column":8},"end":{"line":21,"column":null}},"type":"if","locations":[{"start":{"line":21,"column":8},"end":{"line":21,"column":null}}]},"10":{"loc":{"start":{"line":24,"column":4},"end":{"line":28,"column":null}},"type":"if","locations":[{"start":{"line":24,"column":4},"end":{"line":28,"column":null}},{"start":{"line":28,"column":9},"end":{"line":28,"column":null}}]},"11":{"loc":{"start":{"line":25,"column":8},"end":{"line":27,"column":null}},"type":"if","locations":[{"start":{"line":25,"column":8},"end":{"line":27,"column":null}},{"start":{"line":27,"column":13},"end":{"line":27,"column":null}}]}},"s":{"0":1,"1":1,"2":2,"3":2,"4":2,"5":2,"6":2,"7":2,"8":0,"9":0,"10":2,"11":0,"12":2,"13":0,"14":0,"15":0,"16":2,"17":2,"18":0,"19":0,"20":0,"21":2,"22":2,"23":1,"24":1,"25":0,"26":0,"27":0,"28":0},"f":{"0":2,"1":0,"2":0},"b":{"0":[0],"1":[1],"2":[2,0],"3":[2,2],"4":[0,2],"5":[0],"6":[0],"7":[2,0,0],"8":[2,0],"9":[0],"10":[2,0],"11":[1,1]}}
,"C:\\Users\\smeno\\OneDrive\\Рабочий стол\\BikePark\\maket\\js\\mainFunctions\\events\\click\\accountButtonClick\\accountButtonClick.ts": {"path":"C:\\Users\\smeno\\OneDrive\\Рабочий стол\\BikePark\\maket\\js\\mainFunctions\\events\\click\\accountButtonClick\\accountButtonClick.ts","statementMap":{"0":{"start":{"line":1,"column":0},"end":{"line":1,"column":73}},"1":{"start":{"line":4,"column":35},"end":{"line":15,"column":1}},"2":{"start":{"line":5,"column":19},"end":{"line":5,"column":46}},"3":{"start":{"line":7,"column":4},"end":{"line":14,"column":null}},"4":{"start":{"line":8,"column":32},"end":{"line":8,"column":74}},"5":{"start":{"line":9,"column":8},"end":{"line":9,"column":null}},"6":{"start":{"line":11,"column":27},"end":{"line":11,"column":64}},"7":{"start":{"line":12,"column":8},"end":{"line":12,"column":null}},"8":{"start":{"line":13,"column":8},"end":{"line":13,"column":null}},"9":{"start":{"line":16,"column":0},"end":{"line":16,"column":null}}},"fnMap":{"0":{"name":"(anonymous_0)","decl":{"start":{"line":4,"column":35},"end":{"line":4,"column":36}},"loc":{"start":{"line":4,"column":45},"end":{"line":15,"column":1}}}},"branchMap":{"0":{"loc":{"start":{"line":7,"column":4},"end":{"line":14,"column":null}},"type":"if","locations":[{"start":{"line":7,"column":4},"end":{"line":14,"column":null}},{"start":{"line":10,"column":9},"end":{"line":14,"column":null}}]},"1":{"loc":{"start":{"line":9,"column":8},"end":{"line":9,"column":51}},"type":"cond-expr","locations":[{"start":{"line":9,"column":23},"end":{"line":9,"column":25}},{"start":{"line":9,"column":8},"end":{"line":9,"column":51}}]},"2":{"loc":{"start":{"line":9,"column":8},"end":{"line":9,"column":25}},"type":"binary-expr","locations":[{"start":{"line":9,"column":8},"end":{"line":9,"column":25}},{"start":{"line":9,"column":8},"end":{"line":9,"column":25}}]},"3":{"loc":{"start":{"line":12,"column":8},"end":{"line":12,"column":46}},"type":"cond-expr","locations":[{"start":{"line":12,"column":18},"end":{"line":12,"column":20}},{"start":{"line":12,"column":8},"end":{"line":12,"column":46}}]},"4":{"loc":{"start":{"line":12,"column":8},"end":{"line":12,"column":20}},"type":"binary-expr","locations":[{"start":{"line":12,"column":8},"end":{"line":12,"column":20}},{"start":{"line":12,"column":8},"end":{"line":12,"column":20}}]}},"s":{"0":1,"1":1,"2":6,"3":6,"4":3,"5":3,"6":3,"7":3,"8":3,"9":1},"f":{"0":6},"b":{"0":[3,3],"1":[0,3],"2":[3,3],"3":[0,3],"4":[3,3]}}
,"C:\\Users\\smeno\\OneDrive\\Рабочий стол\\BikePark\\maket\\js\\mainFunctions\\events\\click\\accountOrderClick\\accountOrderClick.ts": {"path":"C:\\Users\\smeno\\OneDrive\\Рабочий стол\\BikePark\\maket\\js\\mainFunctions\\events\\click\\accountOrderClick\\accountOrderClick.ts","statementMap":{"0":{"start":{"line":1,"column":0},"end":{"line":1,"column":79}},"1":{"start":{"line":4,"column":35},"end":{"line":13,"column":1}},"2":{"start":{"line":5,"column":19},"end":{"line":5,"column":46}},"3":{"start":{"line":7,"column":38},"end":{"line":7,"column":69}},"4":{"start":{"line":8,"column":4},"end":{"line":8,"column":null}},"5":{"start":{"line":8,"column":15},"end":{"line":8,"column":21}},"6":{"start":{"line":9,"column":4},"end":{"line":9,"column":null}},"7":{"start":{"line":10,"column":4},"end":{"line":12,"column":null}},"8":{"start":{"line":11,"column":8},"end":{"line":11,"column":null}},"9":{"start":{"line":14,"column":0},"end":{"line":14,"column":null}}},"fnMap":{"0":{"name":"(anonymous_0)","decl":{"start":{"line":4,"column":35},"end":{"line":4,"column":36}},"loc":{"start":{"line":4,"column":45},"end":{"line":13,"column":1}}}},"branchMap":{"0":{"loc":{"start":{"line":8,"column":4},"end":{"line":8,"column":null}},"type":"if","locations":[{"start":{"line":8,"column":4},"end":{"line":8,"column":null}}]},"1":{"loc":{"start":{"line":9,"column":4},"end":{"line":9,"column":72}},"type":"cond-expr","locations":[{"start":{"line":9,"column":44},"end":{"line":9,"column":46}},{"start":{"line":9,"column":44},"end":{"line":9,"column":72}}]},"2":{"loc":{"start":{"line":9,"column":4},"end":{"line":9,"column":46}},"type":"binary-expr","locations":[{"start":{"line":9,"column":4},"end":{"line":9,"column":46}},{"start":{"line":9,"column":44},"end":{"line":9,"column":46}}]},"3":{"loc":{"start":{"line":10,"column":4},"end":{"line":12,"column":null}},"type":"if","locations":[{"start":{"line":10,"column":4},"end":{"line":12,"column":null}}]},"4":{"loc":{"start":{"line":11,"column":8},"end":{"line":11,"column":77}},"type":"cond-expr","locations":[{"start":{"line":11,"column":49},"end":{"line":11,"column":51}},{"start":{"line":11,"column":49},"end":{"line":11,"column":77}}]},"5":{"loc":{"start":{"line":11,"column":8},"end":{"line":11,"column":51}},"type":"binary-expr","locations":[{"start":{"line":11,"column":8},"end":{"line":11,"column":51}},{"start":{"line":11,"column":49},"end":{"line":11,"column":51}}]}},"s":{"0":1,"1":1,"2":3,"3":3,"4":3,"5":1,"6":2,"7":2,"8":2,"9":1},"f":{"0":3},"b":{"0":[1],"1":[0,2],"2":[2,2],"3":[2],"4":[2,0],"5":[2,0]}}
,"C:\\Users\\smeno\\OneDrive\\Рабочий стол\\BikePark\\maket\\js\\mainFunctions\\events\\click\\addTypeBikeClick\\addTypeBikeClick.ts": {"path":"C:\\Users\\smeno\\OneDrive\\Рабочий стол\\BikePark\\maket\\js\\mainFunctions\\events\\click\\addTypeBikeClick\\addTypeBikeClick.ts","statementMap":{"0":{"start":{"line":1,"column":0},"end":{"line":1,"column":63}},"1":{"start":{"line":7,"column":16},"end":{"line":17,"column":1}},"2":{"start":{"line":8,"column":19},"end":{"line":8,"column":46}},"3":{"start":{"line":10,"column":38},"end":{"line":10,"column":68}},"4":{"start":{"line":12,"column":4},"end":{"line":12,"column":null}},"5":{"start":{"line":12,"column":16},"end":{"line":12,"column":22}},"6":{"start":{"line":13,"column":21},"end":{"line":13,"column":44}},"7":{"start":{"line":14,"column":4},"end":{"line":16,"column":null}},"8":{"start":{"line":15,"column":8},"end":{"line":15,"column":null}},"9":{"start":{"line":18,"column":0},"end":{"line":18,"column":null}}},"fnMap":{"0":{"name":"(anonymous_0)","decl":{"start":{"line":7,"column":16},"end":{"line":7,"column":17}},"loc":{"start":{"line":7,"column":46},"end":{"line":17,"column":1}}}},"branchMap":{"0":{"loc":{"start":{"line":12,"column":4},"end":{"line":12,"column":null}},"type":"if","locations":[{"start":{"line":12,"column":4},"end":{"line":12,"column":null}}]},"1":{"loc":{"start":{"line":14,"column":4},"end":{"line":16,"column":null}},"type":"if","locations":[{"start":{"line":14,"column":4},"end":{"line":16,"column":null}}]},"2":{"loc":{"start":{"line":14,"column":7},"end":{"line":14,"column":109}},"type":"binary-expr","locations":[{"start":{"line":14,"column":8},"end":{"line":14,"column":27}},{"start":{"line":14,"column":33},"end":{"line":14,"column":54}},{"start":{"line":14,"column":60},"end":{"line":14,"column":83}},{"start":{"line":14,"column":89},"end":{"line":14,"column":108}}]}},"s":{"0":1,"1":1,"2":2,"3":2,"4":2,"5":0,"6":2,"7":2,"8":1,"9":1},"f":{"0":2},"b":{"0":[0],"1":[1],"2":[2,1,1,1]}}
,"C:\\Users\\smeno\\OneDrive\\Рабочий стол\\BikePark\\maket\\js\\mainFunctions\\events\\click\\burgerClick\\burgerClick.ts": {"path":"C:\\Users\\smeno\\OneDrive\\Рабочий стол\\BikePark\\maket\\js\\mainFunctions\\events\\click\\burgerClick\\burgerClick.ts","statementMap":{"0":{"start":{"line":1,"column":0},"end":{"line":1,"column":76}},"1":{"start":{"line":4,"column":46},"end":{"line":30,"column":1}},"2":{"start":{"line":5,"column":19},"end":{"line":5,"column":46}},"3":{"start":{"line":7,"column":16},"end":{"line":7,"column":45}},"4":{"start":{"line":8,"column":19},"end":{"line":8,"column":51}},"5":{"start":{"line":9,"column":28},"end":{"line":9,"column":70}},"6":{"start":{"line":10,"column":43},"end":{"line":10,"column":68}},"7":{"start":{"line":12,"column":4},"end":{"line":12,"column":null}},"8":{"start":{"line":13,"column":4},"end":{"line":13,"column":null}},"9":{"start":{"line":14,"column":4},"end":{"line":14,"column":null}},"10":{"start":{"line":15,"column":4},"end":{"line":15,"column":null}},"11":{"start":{"line":17,"column":4},"end":{"line":29,"column":null}},"12":{"start":{"line":18,"column":8},"end":{"line":18,"column":null}},"13":{"start":{"line":18,"column":17},"end":{"line":18,"column":23}},"14":{"start":{"line":19,"column":8},"end":{"line":19,"column":null}},"15":{"start":{"line":19,"column":29},"end":{"line":19,"column":35}},"16":{"start":{"line":20,"column":27},"end":{"line":23,"column":null}},"17":{"start":{"line":25,"column":8},"end":{"line":25,"column":null}},"18":{"start":{"line":27,"column":8},"end":{"line":27,"column":null}},"19":{"start":{"line":27,"column":17},"end":{"line":27,"column":23}},"20":{"start":{"line":28,"column":8},"end":{"line":28,"column":null}},"21":{"start":{"line":4,"column":13},"end":{"line":4,"column":46}}},"fnMap":{"0":{"name":"(anonymous_0)","decl":{"start":{"line":4,"column":46},"end":{"line":4,"column":47}},"loc":{"start":{"line":4,"column":56},"end":{"line":30,"column":1}}}},"branchMap":{"0":{"loc":{"start":{"line":12,"column":4},"end":{"line":12,"column":35}},"type":"cond-expr","locations":[{"start":{"line":12,"column":7},"end":{"line":12,"column":9}},{"start":{"line":12,"column":4},"end":{"line":12,"column":35}}]},"1":{"loc":{"start":{"line":12,"column":4},"end":{"line":12,"column":9}},"type":"binary-expr","locations":[{"start":{"line":12,"column":4},"end":{"line":12,"column":9}},{"start":{"line":12,"column":4},"end":{"line":12,"column":9}}]},"2":{"loc":{"start":{"line":13,"column":4},"end":{"line":13,"column":40}},"type":"cond-expr","locations":[{"start":{"line":13,"column":10},"end":{"line":13,"column":12}},{"start":{"line":13,"column":4},"end":{"line":13,"column":40}}]},"3":{"loc":{"start":{"line":13,"column":4},"end":{"line":13,"column":12}},"type":"binary-expr","locations":[{"start":{"line":13,"column":4},"end":{"line":13,"column":12}},{"start":{"line":13,"column":4},"end":{"line":13,"column":12}}]},"4":{"loc":{"start":{"line":14,"column":4},"end":{"line":14,"column":38}},"type":"cond-expr","locations":[{"start":{"line":14,"column":10},"end":{"line":14,"column":12}},{"start":{"line":14,"column":4},"end":{"line":14,"column":38}}]},"5":{"loc":{"start":{"line":14,"column":4},"end":{"line":14,"column":12}},"type":"binary-expr","locations":[{"start":{"line":14,"column":4},"end":{"line":14,"column":12}},{"start":{"line":14,"column":4},"end":{"line":14,"column":12}}]},"6":{"loc":{"start":{"line":17,"column":4},"end":{"line":29,"column":null}},"type":"if","locations":[{"start":{"line":17,"column":4},"end":{"line":29,"column":null}},{"start":{"line":26,"column":9},"end":{"line":29,"column":null}}]},"7":{"loc":{"start":{"line":18,"column":8},"end":{"line":18,"column":null}},"type":"if","locations":[{"start":{"line":18,"column":8},"end":{"line":18,"column":null}}]},"8":{"loc":{"start":{"line":19,"column":8},"end":{"line":19,"column":null}},"type":"if","locations":[{"start":{"line":19,"column":8},"end":{"line":19,"column":null}}]},"9":{"loc":{"start":{"line":27,"column":8},"end":{"line":27,"column":null}},"type":"if","locations":[{"start":{"line":27,"column":8},"end":{"line":27,"column":null}}]}},"s":{"0":1,"1":1,"2":4,"3":4,"4":4,"5":4,"6":4,"7":4,"8":4,"9":4,"10":4,"11":4,"12":2,"13":0,"14":2,"15":0,"16":2,"17":2,"18":2,"19":0,"20":2,"21":1},"f":{"0":4},"b":{"0":[0,4],"1":[4,4],"2":[4,0],"3":[4,0],"4":[0,4],"5":[4,4],"6":[2,2],"7":[0],"8":[0],"9":[0]}}
,"C:\\Users\\smeno\\OneDrive\\Рабочий стол\\BikePark\\maket\\js\\mainFunctions\\events\\click\\calendarButtonClick\\calendarButtonClick.ts": {"path":"C:\\Users\\smeno\\OneDrive\\Рабочий стол\\BikePark\\maket\\js\\mainFunctions\\events\\click\\calendarButtonClick\\calendarButtonClick.ts","statementMap":{"0":{"start":{"line":1,"column":0},"end":{"line":1,"column":79}},"1":{"start":{"line":4,"column":39},"end":{"line":15,"column":1}},"2":{"start":{"line":5,"column":19},"end":{"line":5,"column":46}},"3":{"start":{"line":7,"column":21},"end":{"line":7,"column":56}},"4":{"start":{"line":8,"column":20},"end":{"line":8,"column":64}},"5":{"start":{"line":9,"column":4},"end":{"line":9,"column":null}},"6":{"start":{"line":9,"column":24},"end":{"line":9,"column":53}},"7":{"start":{"line":10,"column":4},"end":{"line":10,"column":null}},"8":{"start":{"line":12,"column":4},"end":{"line":14,"column":null}},"9":{"start":{"line":13,"column":8},"end":{"line":13,"column":null}},"10":{"start":{"line":17,"column":0},"end":{"line":17,"column":null}}},"fnMap":{"0":{"name":"(anonymous_0)","decl":{"start":{"line":4,"column":39},"end":{"line":4,"column":40}},"loc":{"start":{"line":4,"column":49},"end":{"line":15,"column":1}}},"1":{"name":"(anonymous_1)","decl":{"start":{"line":9,"column":20},"end":{"line":9,"column":22}},"loc":{"start":{"line":9,"column":24},"end":{"line":9,"column":53}}}},"branchMap":{"0":{"loc":{"start":{"line":10,"column":4},"end":{"line":10,"column":40}},"type":"cond-expr","locations":[{"start":{"line":10,"column":12},"end":{"line":10,"column":14}},{"start":{"line":10,"column":4},"end":{"line":10,"column":40}}]},"1":{"loc":{"start":{"line":10,"column":4},"end":{"line":10,"column":14}},"type":"binary-expr","locations":[{"start":{"line":10,"column":4},"end":{"line":10,"column":14}},{"start":{"line":10,"column":4},"end":{"line":10,"column":14}}]},"2":{"loc":{"start":{"line":12,"column":4},"end":{"line":14,"column":null}},"type":"if","locations":[{"start":{"line":12,"column":4},"end":{"line":14,"column":null}}]}},"s":{"0":1,"1":1,"2":2,"3":2,"4":2,"5":2,"6":4,"7":2,"8":2,"9":1,"10":1},"f":{"0":2,"1":4},"b":{"0":[0,2],"1":[2,2],"2":[1]}}
,"C:\\Users\\smeno\\OneDrive\\Рабочий стол\\BikePark\\maket\\js\\mainFunctions\\events\\click\\loginTypePopapClick\\loginTypePopapClick.ts": {"path":"C:\\Users\\smeno\\OneDrive\\Рабочий стол\\BikePark\\maket\\js\\mainFunctions\\events\\click\\loginTypePopapClick\\loginTypePopapClick.ts","statementMap":{"0":{"start":{"line":3,"column":35},"end":{"line":28,"column":1}},"1":{"start":{"line":4,"column":19},"end":{"line":4,"column":46}},"2":{"start":{"line":6,"column":39},"end":{"line":6,"column":72}},"3":{"start":{"line":7,"column":4},"end":{"line":7,"column":null}},"4":{"start":{"line":7,"column":16},"end":{"line":7,"column":22}},"5":{"start":{"line":8,"column":8},"end":{"line":27,"column":null}},"6":{"start":{"line":9,"column":28},"end":{"line":9,"column":72}},"7":{"start":{"line":10,"column":12},"end":{"line":10,"column":null}},"8":{"start":{"line":10,"column":32},"end":{"line":10,"column":61}},"9":{"start":{"line":12,"column":26},"end":{"line":12,"column":69}},"10":{"start":{"line":13,"column":25},"end":{"line":13,"column":67}},"11":{"start":{"line":14,"column":12},"end":{"line":26,"column":null}},"12":{"start":{"line":15,"column":16},"end":{"line":15,"column":null}},"13":{"start":{"line":16,"column":16},"end":{"line":16,"column":null}},"14":{"start":{"line":18,"column":16},"end":{"line":18,"column":null}},"15":{"start":{"line":18,"column":83},"end":{"line":18,"column":109}},"16":{"start":{"line":20,"column":18},"end":{"line":26,"column":null}},"17":{"start":{"line":21,"column":16},"end":{"line":21,"column":null}},"18":{"start":{"line":22,"column":16},"end":{"line":22,"column":null}},"19":{"start":{"line":24,"column":16},"end":{"line":24,"column":null}},"20":{"start":{"line":24,"column":81},"end":{"line":24,"column":107}},"21":{"start":{"line":29,"column":0},"end":{"line":29,"column":null}}},"fnMap":{"0":{"name":"(anonymous_0)","decl":{"start":{"line":3,"column":35},"end":{"line":3,"column":36}},"loc":{"start":{"line":3,"column":45},"end":{"line":28,"column":1}}},"1":{"name":"(anonymous_1)","decl":{"start":{"line":10,"column":28},"end":{"line":10,"column":30}},"loc":{"start":{"line":10,"column":32},"end":{"line":10,"column":61}}},"2":{"name":"(anonymous_2)","decl":{"start":{"line":18,"column":79},"end":{"line":18,"column":81}},"loc":{"start":{"line":18,"column":83},"end":{"line":18,"column":109}}},"3":{"name":"(anonymous_3)","decl":{"start":{"line":24,"column":77},"end":{"line":24,"column":79}},"loc":{"start":{"line":24,"column":81},"end":{"line":24,"column":107}}}},"branchMap":{"0":{"loc":{"start":{"line":7,"column":4},"end":{"line":7,"column":null}},"type":"if","locations":[{"start":{"line":7,"column":4},"end":{"line":7,"column":null}}]},"1":{"loc":{"start":{"line":8,"column":8},"end":{"line":27,"column":null}},"type":"if","locations":[{"start":{"line":8,"column":8},"end":{"line":27,"column":null}}]},"2":{"loc":{"start":{"line":14,"column":12},"end":{"line":26,"column":null}},"type":"if","locations":[{"start":{"line":14,"column":12},"end":{"line":26,"column":null}},{"start":{"line":20,"column":18},"end":{"line":26,"column":null}}]},"3":{"loc":{"start":{"line":15,"column":16},"end":{"line":15,"column":46}},"type":"cond-expr","locations":[{"start":{"line":15,"column":21},"end":{"line":15,"column":23}},{"start":{"line":15,"column":16},"end":{"line":15,"column":46}}]},"4":{"loc":{"start":{"line":15,"column":16},"end":{"line":15,"column":23}},"type":"binary-expr","locations":[{"start":{"line":15,"column":16},"end":{"line":15,"column":23}},{"start":{"line":15,"column":16},"end":{"line":15,"column":23}}]},"5":{"loc":{"start":{"line":16,"column":16},"end":{"line":16,"column":48}},"type":"cond-expr","locations":[{"start":{"line":16,"column":20},"end":{"line":16,"column":22}},{"start":{"line":16,"column":16},"end":{"line":16,"column":48}}]},"6":{"loc":{"start":{"line":16,"column":16},"end":{"line":16,"column":22}},"type":"binary-expr","locations":[{"start":{"line":16,"column":16},"end":{"line":16,"column":22}},{"start":{"line":16,"column":16},"end":{"line":16,"column":22}}]},"7":{"loc":{"start":{"line":20,"column":18},"end":{"line":26,"column":null}},"type":"if","locations":[{"start":{"line":20,"column":18},"end":{"line":26,"column":null}}]},"8":{"loc":{"start":{"line":21,"column":16},"end":{"line":21,"column":49}},"type":"cond-expr","locations":[{"start":{"line":21,"column":21},"end":{"line":21,"column":23}},{"start":{"line":21,"column":16},"end":{"line":21,"column":49}}]},"9":{"loc":{"start":{"line":21,"column":16},"end":{"line":21,"column":23}},"type":"binary-expr","locations":[{"start":{"line":21,"column":16},"end":{"line":21,"column":23}},{"start":{"line":21,"column":16},"end":{"line":21,"column":23}}]},"10":{"loc":{"start":{"line":22,"column":16},"end":{"line":22,"column":45}},"type":"cond-expr","locations":[{"start":{"line":22,"column":20},"end":{"line":22,"column":22}},{"start":{"line":22,"column":16},"end":{"line":22,"column":45}}]},"11":{"loc":{"start":{"line":22,"column":16},"end":{"line":22,"column":22}},"type":"binary-expr","locations":[{"start":{"line":22,"column":16},"end":{"line":22,"column":22}},{"start":{"line":22,"column":16},"end":{"line":22,"column":22}}]}},"s":{"0":1,"1":5,"2":5,"3":5,"4":0,"5":5,"6":4,"7":4,"8":4,"9":4,"10":4,"11":4,"12":2,"13":2,"14":2,"15":2,"16":2,"17":2,"18":2,"19":2,"20":2,"21":1},"f":{"0":5,"1":4,"2":2,"3":2},"b":{"0":[0],"1":[4],"2":[2,2],"3":[0,2],"4":[2,2],"5":[0,2],"6":[2,2],"7":[2],"8":[0,2],"9":[2,2],"10":[0,2],"11":[2,2]}}
,"C:\\Users\\smeno\\OneDrive\\Рабочий стол\\BikePark\\maket\\js\\mainFunctions\\events\\click\\moreBicycleButtonClick\\moreBicycleButtonClick.ts": {"path":"C:\\Users\\smeno\\OneDrive\\Рабочий стол\\BikePark\\maket\\js\\mainFunctions\\events\\click\\moreBicycleButtonClick\\moreBicycleButtonClick.ts","statementMap":{"0":{"start":{"line":3,"column":35},"end":{"line":11,"column":1}},"1":{"start":{"line":4,"column":19},"end":{"line":4,"column":46}},"2":{"start":{"line":6,"column":39},"end":{"line":6,"column":75}},"3":{"start":{"line":7,"column":4},"end":{"line":7,"column":null}},"4":{"start":{"line":7,"column":16},"end":{"line":7,"column":22}},"5":{"start":{"line":8,"column":17},"end":{"line":8,"column":84}},"6":{"start":{"line":9,"column":4},"end":{"line":9,"column":null}},"7":{"start":{"line":10,"column":4},"end":{"line":10,"column":null}},"8":{"start":{"line":12,"column":0},"end":{"line":12,"column":null}}},"fnMap":{"0":{"name":"(anonymous_0)","decl":{"start":{"line":3,"column":35},"end":{"line":3,"column":36}},"loc":{"start":{"line":3,"column":45},"end":{"line":11,"column":1}}}},"branchMap":{"0":{"loc":{"start":{"line":7,"column":4},"end":{"line":7,"column":null}},"type":"if","locations":[{"start":{"line":7,"column":4},"end":{"line":7,"column":null}}]},"1":{"loc":{"start":{"line":8,"column":17},"end":{"line":8,"column":84}},"type":"cond-expr","locations":[{"start":{"line":8,"column":51},"end":{"line":8,"column":53}},{"start":{"line":8,"column":51},"end":{"line":8,"column":84}}]},"2":{"loc":{"start":{"line":8,"column":17},"end":{"line":8,"column":53}},"type":"binary-expr","locations":[{"start":{"line":8,"column":17},"end":{"line":8,"column":53}},{"start":{"line":8,"column":51},"end":{"line":8,"column":53}}]},"3":{"loc":{"start":{"line":10,"column":4},"end":{"line":10,"column":36}},"type":"cond-expr","locations":[{"start":{"line":10,"column":8},"end":{"line":10,"column":10}},{"start":{"line":10,"column":4},"end":{"line":10,"column":36}}]},"4":{"loc":{"start":{"line":10,"column":4},"end":{"line":10,"column":10}},"type":"binary-expr","locations":[{"start":{"line":10,"column":4},"end":{"line":10,"column":10}},{"start":{"line":10,"column":4},"end":{"line":10,"column":10}}]}},"s":{"0":1,"1":2,"2":2,"3":2,"4":0,"5":2,"6":2,"7":2,"8":1},"f":{"0":2},"b":{"0":[0],"1":[0,2],"2":[2,2],"3":[0,2],"4":[2,2]}}
,"C:\\Users\\smeno\\OneDrive\\Рабочий стол\\BikePark\\maket\\js\\mainFunctions\\events\\click\\typeBicycleSlideButtonClick\\typeBicycleSlideButtonClick.ts": {"path":"C:\\Users\\smeno\\OneDrive\\Рабочий стол\\BikePark\\maket\\js\\mainFunctions\\events\\click\\typeBicycleSlideButtonClick\\typeBicycleSlideButtonClick.ts","statementMap":{"0":{"start":{"line":3,"column":55},"end":{"line":36,"column":1}},"1":{"start":{"line":4,"column":19},"end":{"line":4,"column":46}},"2":{"start":{"line":6,"column":41},"end":{"line":6,"column":82}},"3":{"start":{"line":7,"column":17},"end":{"line":7,"column":59}},"4":{"start":{"line":9,"column":4},"end":{"line":9,"column":null}},"5":{"start":{"line":9,"column":14},"end":{"line":9,"column":20}},"6":{"start":{"line":10,"column":23},"end":{"line":10,"column":64}},"7":{"start":{"line":11,"column":26},"end":{"line":11,"column":38}},"8":{"start":{"line":12,"column":25},"end":{"line":12,"column":54}},"9":{"start":{"line":13,"column":4},"end":{"line":13,"column":null}},"10":{"start":{"line":13,"column":23},"end":{"line":13,"column":29}},"11":{"start":{"line":14,"column":20},"end":{"line":14,"column":72}},"12":{"start":{"line":16,"column":4},"end":{"line":16,"column":null}},"13":{"start":{"line":16,"column":16},"end":{"line":16,"column":22}},"14":{"start":{"line":17,"column":4},"end":{"line":21,"column":null}},"15":{"start":{"line":18,"column":8},"end":{"line":18,"column":null}},"16":{"start":{"line":20,"column":8},"end":{"line":20,"column":null}},"17":{"start":{"line":22,"column":4},"end":{"line":35,"column":null}},"18":{"start":{"line":23,"column":34},"end":{"line":23,"column":76}},"19":{"start":{"line":24,"column":26},"end":{"line":24,"column":60}},"20":{"start":{"line":26,"column":8},"end":{"line":28,"column":null}},"21":{"start":{"line":27,"column":12},"end":{"line":27,"column":null}},"22":{"start":{"line":29,"column":34},"end":{"line":29,"column":76}},"23":{"start":{"line":30,"column":25},"end":{"line":30,"column":58}},"24":{"start":{"line":32,"column":8},"end":{"line":34,"column":null}},"25":{"start":{"line":33,"column":12},"end":{"line":33,"column":null}},"26":{"start":{"line":37,"column":0},"end":{"line":37,"column":null}}},"fnMap":{"0":{"name":"(anonymous_0)","decl":{"start":{"line":3,"column":55},"end":{"line":3,"column":56}},"loc":{"start":{"line":3,"column":65},"end":{"line":36,"column":1}}},"1":{"name":"(anonymous_1)","decl":{"start":{"line":22,"column":15},"end":{"line":22,"column":17}},"loc":{"start":{"line":22,"column":19},"end":{"line":35,"column":5}}}},"branchMap":{"0":{"loc":{"start":{"line":9,"column":4},"end":{"line":9,"column":null}},"type":"if","locations":[{"start":{"line":9,"column":4},"end":{"line":9,"column":null}}]},"1":{"loc":{"start":{"line":13,"column":4},"end":{"line":13,"column":null}},"type":"if","locations":[{"start":{"line":13,"column":4},"end":{"line":13,"column":null}}]},"2":{"loc":{"start":{"line":16,"column":4},"end":{"line":16,"column":null}},"type":"if","locations":[{"start":{"line":16,"column":4},"end":{"line":16,"column":null}}]},"3":{"loc":{"start":{"line":17,"column":4},"end":{"line":21,"column":null}},"type":"if","locations":[{"start":{"line":17,"column":4},"end":{"line":21,"column":null}},{"start":{"line":19,"column":9},"end":{"line":21,"column":null}}]},"4":{"loc":{"start":{"line":26,"column":8},"end":{"line":28,"column":null}},"type":"if","locations":[{"start":{"line":26,"column":8},"end":{"line":28,"column":null}}]},"5":{"loc":{"start":{"line":32,"column":8},"end":{"line":34,"column":null}},"type":"if","locations":[{"start":{"line":32,"column":8},"end":{"line":34,"column":null}}]}},"s":{"0":1,"1":1,"2":1,"3":1,"4":1,"5":0,"6":1,"7":1,"8":1,"9":1,"10":0,"11":1,"12":1,"13":0,"14":1,"15":1,"16":0,"17":1,"18":0,"19":0,"20":0,"21":0,"22":0,"23":0,"24":0,"25":0,"26":1},"f":{"0":1,"1":0},"b":{"0":[0],"1":[0],"2":[0],"3":[1,0],"4":[0],"5":[0]}}
,"C:\\Users\\smeno\\OneDrive\\Рабочий стол\\BikePark\\maket\\js\\mainFunctions\\events\\click\\userEditParamButtonClick\\userEditParamButtonClick.ts": {"path":"C:\\Users\\smeno\\OneDrive\\Рабочий стол\\BikePark\\maket\\js\\mainFunctions\\events\\click\\userEditParamButtonClick\\userEditParamButtonClick.ts","statementMap":{"0":{"start":{"line":3,"column":35},"end":{"line":23,"column":1}},"1":{"start":{"line":4,"column":19},"end":{"line":4,"column":46}},"2":{"start":{"line":6,"column":19},"end":{"line":6,"column":57}},"3":{"start":{"line":7,"column":4},"end":{"line":7,"column":null}},"4":{"start":{"line":7,"column":16},"end":{"line":7,"column":22}},"5":{"start":{"line":8,"column":21},"end":{"line":8,"column":56}},"6":{"start":{"line":9,"column":23},"end":{"line":9,"column":58}},"7":{"start":{"line":10,"column":4},"end":{"line":10,"column":null}},"8":{"start":{"line":12,"column":4},"end":{"line":22,"column":null}},"9":{"start":{"line":13,"column":8},"end":{"line":21,"column":null}},"10":{"start":{"line":14,"column":12},"end":{"line":14,"column":null}},"11":{"start":{"line":15,"column":12},"end":{"line":15,"column":null}},"12":{"start":{"line":16,"column":12},"end":{"line":16,"column":null}},"13":{"start":{"line":18,"column":12},"end":{"line":18,"column":null}},"14":{"start":{"line":19,"column":12},"end":{"line":19,"column":null}},"15":{"start":{"line":20,"column":12},"end":{"line":20,"column":null}},"16":{"start":{"line":24,"column":0},"end":{"line":24,"column":null}}},"fnMap":{"0":{"name":"(anonymous_0)","decl":{"start":{"line":3,"column":35},"end":{"line":3,"column":36}},"loc":{"start":{"line":3,"column":45},"end":{"line":23,"column":1}}},"1":{"name":"(anonymous_1)","decl":{"start":{"line":12,"column":24},"end":{"line":12,"column":26}},"loc":{"start":{"line":12,"column":28},"end":{"line":22,"column":5}}}},"branchMap":{"0":{"loc":{"start":{"line":7,"column":4},"end":{"line":7,"column":null}},"type":"if","locations":[{"start":{"line":7,"column":4},"end":{"line":7,"column":null}}]},"1":{"loc":{"start":{"line":9,"column":23},"end":{"line":9,"column":58}},"type":"cond-expr","locations":[{"start":{"line":9,"column":31},"end":{"line":9,"column":33}},{"start":{"line":9,"column":23},"end":{"line":9,"column":58}}]},"2":{"loc":{"start":{"line":9,"column":23},"end":{"line":9,"column":33}},"type":"binary-expr","locations":[{"start":{"line":9,"column":23},"end":{"line":9,"column":33}},{"start":{"line":9,"column":23},"end":{"line":9,"column":33}}]},"3":{"loc":{"start":{"line":10,"column":4},"end":{"line":10,"column":38}},"type":"cond-expr","locations":[{"start":{"line":10,"column":12},"end":{"line":10,"column":14}},{"start":{"line":10,"column":4},"end":{"line":10,"column":38}}]},"4":{"loc":{"start":{"line":10,"column":4},"end":{"line":10,"column":14}},"type":"binary-expr","locations":[{"start":{"line":10,"column":4},"end":{"line":10,"column":14}},{"start":{"line":10,"column":4},"end":{"line":10,"column":14}}]},"5":{"loc":{"start":{"line":12,"column":4},"end":{"line":22,"column":6}},"type":"cond-expr","locations":[{"start":{"line":12,"column":14},"end":{"line":12,"column":16}},{"start":{"line":12,"column":4},"end":{"line":22,"column":6}}]},"6":{"loc":{"start":{"line":12,"column":4},"end":{"line":12,"column":16}},"type":"binary-expr","locations":[{"start":{"line":12,"column":4},"end":{"line":12,"column":16}},{"start":{"line":12,"column":4},"end":{"line":12,"column":16}}]},"7":{"loc":{"start":{"line":13,"column":8},"end":{"line":21,"column":null}},"type":"if","locations":[{"start":{"line":13,"column":8},"end":{"line":21,"column":null}},{"start":{"line":17,"column":13},"end":{"line":21,"column":null}}]}},"s":{"0":1,"1":3,"2":3,"3":3,"4":0,"5":3,"6":3,"7":3,"8":3,"9":6,"10":4,"11":4,"12":4,"13":2,"14":2,"15":2,"16":1},"f":{"0":3,"1":6},"b":{"0":[0],"1":[0,3],"2":[3,3],"3":[0,3],"4":[3,3],"5":[0,3],"6":[3,3],"7":[4,2]}}
,"C:\\Users\\smeno\\OneDrive\\Рабочий стол\\BikePark\\maket\\js\\mainFunctions\\events\\input\\loginPopapInput\\loginPopapInput.ts": {"path":"C:\\Users\\smeno\\OneDrive\\Рабочий стол\\BikePark\\maket\\js\\mainFunctions\\events\\input\\loginPopapInput\\loginPopapInput.ts","statementMap":{"0":{"start":{"line":3,"column":24},"end":{"line":3,"column":29}},"1":{"start":{"line":3,"column":55},"end":{"line":3,"column":60}},"2":{"start":{"line":3,"column":86},"end":{"line":3,"column":91}},"3":{"start":{"line":3,"column":115},"end":{"line":3,"column":120}},"4":{"start":{"line":5,"column":35},"end":{"line":99,"column":1}},"5":{"start":{"line":6,"column":24},"end":{"line":6,"column":36}},"6":{"start":{"line":8,"column":19},"end":{"line":8,"column":66}},"7":{"start":{"line":10,"column":4},"end":{"line":21,"column":null}},"8":{"start":{"line":11,"column":8},"end":{"line":16,"column":null}},"9":{"start":{"line":12,"column":12},"end":{"line":12,"column":30}},"10":{"start":{"line":12,"column":31},"end":{"line":12,"column":null}},"11":{"start":{"line":14,"column":12},"end":{"line":14,"column":null}},"12":{"start":{"line":15,"column":12},"end":{"line":15,"column":31}},"13":{"start":{"line":15,"column":32},"end":{"line":15,"column":null}},"14":{"start":{"line":18,"column":8},"end":{"line":20,"column":null}},"15":{"start":{"line":19,"column":12},"end":{"line":19,"column":null}},"16":{"start":{"line":22,"column":4},"end":{"line":39,"column":null}},"17":{"start":{"line":23,"column":8},"end":{"line":34,"column":null}},"18":{"start":{"line":24,"column":12},"end":{"line":24,"column":null}},"19":{"start":{"line":25,"column":12},"end":{"line":25,"column":null}},"20":{"start":{"line":26,"column":12},"end":{"line":26,"column":null}},"21":{"start":{"line":27,"column":14},"end":{"line":34,"column":null}},"22":{"start":{"line":28,"column":12},"end":{"line":28,"column":null}},"23":{"start":{"line":29,"column":12},"end":{"line":29,"column":null}},"24":{"start":{"line":31,"column":12},"end":{"line":31,"column":null}},"25":{"start":{"line":32,"column":12},"end":{"line":32,"column":null}},"26":{"start":{"line":33,"column":12},"end":{"line":33,"column":null}},"27":{"start":{"line":35,"column":8},"end":{"line":38,"column":null}},"28":{"start":{"line":36,"column":12},"end":{"line":36,"column":null}},"29":{"start":{"line":37,"column":12},"end":{"line":37,"column":null}},"30":{"start":{"line":40,"column":4},"end":{"line":53,"column":null}},"31":{"start":{"line":41,"column":8},"end":{"line":48,"column":null}},"32":{"start":{"line":42,"column":12},"end":{"line":42,"column":30}},"33":{"start":{"line":43,"column":12},"end":{"line":43,"column":null}},"34":{"start":{"line":45,"column":12},"end":{"line":45,"column":null}},"35":{"start":{"line":46,"column":12},"end":{"line":46,"column":null}},"36":{"start":{"line":47,"column":12},"end":{"line":47,"column":null}},"37":{"start":{"line":49,"column":8},"end":{"line":52,"column":null}},"38":{"start":{"line":50,"column":12},"end":{"line":50,"column":null}},"39":{"start":{"line":51,"column":12},"end":{"line":51,"column":null}},"40":{"start":{"line":54,"column":4},"end":{"line":78,"column":null}},"41":{"start":{"line":55,"column":23},"end":{"line":55,"column":28}},"42":{"start":{"line":56,"column":8},"end":{"line":64,"column":null}},"43":{"start":{"line":57,"column":12},"end":{"line":57,"column":null}},"44":{"start":{"line":58,"column":12},"end":{"line":63,"column":null}},"45":{"start":{"line":59,"column":16},"end":{"line":62,"column":null}},"46":{"start":{"line":60,"column":20},"end":{"line":60,"column":null}},"47":{"start":{"line":61,"column":20},"end":{"line":61,"column":null}},"48":{"start":{"line":62,"column":22},"end":{"line":62,"column":38}},"49":{"start":{"line":64,"column":14},"end":{"line":64,"column":30}},"50":{"start":{"line":66,"column":8},"end":{"line":73,"column":null}},"51":{"start":{"line":67,"column":12},"end":{"line":67,"column":null}},"52":{"start":{"line":68,"column":12},"end":{"line":68,"column":null}},"53":{"start":{"line":69,"column":12},"end":{"line":69,"column":null}},"54":{"start":{"line":71,"column":12},"end":{"line":71,"column":null}},"55":{"start":{"line":72,"column":12},"end":{"line":72,"column":null}},"56":{"start":{"line":74,"column":8},"end":{"line":77,"column":null}},"57":{"start":{"line":75,"column":12},"end":{"line":75,"column":null}},"58":{"start":{"line":76,"column":12},"end":{"line":76,"column":null}},"59":{"start":{"line":80,"column":26},"end":{"line":80,"column":66}},"60":{"start":{"line":81,"column":4},"end":{"line":98,"column":null}},"61":{"start":{"line":82,"column":8},"end":{"line":88,"column":null}},"62":{"start":{"line":83,"column":12},"end":{"line":83,"column":null}},"63":{"start":{"line":84,"column":12},"end":{"line":84,"column":null}},"64":{"start":{"line":86,"column":12},"end":{"line":86,"column":null}},"65":{"start":{"line":87,"column":12},"end":{"line":87,"column":null}},"66":{"start":{"line":90,"column":25},"end":{"line":90,"column":79}},"67":{"start":{"line":91,"column":8},"end":{"line":97,"column":null}},"68":{"start":{"line":92,"column":12},"end":{"line":92,"column":null}},"69":{"start":{"line":93,"column":12},"end":{"line":93,"column":null}},"70":{"start":{"line":95,"column":12},"end":{"line":95,"column":null}},"71":{"start":{"line":96,"column":12},"end":{"line":96,"column":null}},"72":{"start":{"line":102,"column":4},"end":{"line":102,"column":null}},"73":{"start":{"line":103,"column":4},"end":{"line":103,"column":null}},"74":{"start":{"line":106,"column":4},"end":{"line":106,"column":null}},"75":{"start":{"line":107,"column":4},"end":{"line":107,"column":null}},"76":{"start":{"line":110,"column":4},"end":{"line":110,"column":null}},"77":{"start":{"line":111,"column":4},"end":{"line":111,"column":null}},"78":{"start":{"line":114,"column":0},"end":{"line":114,"column":null}}},"fnMap":{"0":{"name":"(anonymous_0)","decl":{"start":{"line":5,"column":35},"end":{"line":5,"column":36}},"loc":{"start":{"line":5,"column":45},"end":{"line":99,"column":1}}},"1":{"name":"checkTrue","decl":{"start":{"line":101,"column":9},"end":{"line":101,"column":18}},"loc":{"start":{"line":101,"column":38},"end":{"line":104,"column":1}}},"2":{"name":"checkFalse","decl":{"start":{"line":105,"column":9},"end":{"line":105,"column":19}},"loc":{"start":{"line":105,"column":39},"end":{"line":108,"column":1}}},"3":{"name":"checkNaN","decl":{"start":{"line":109,"column":9},"end":{"line":109,"column":17}},"loc":{"start":{"line":109,"column":37},"end":{"line":112,"column":1}}}},"branchMap":{"0":{"loc":{"start":{"line":8,"column":19},"end":{"line":8,"column":66}},"type":"cond-expr","locations":[{"start":{"line":8,"column":25},"end":{"line":8,"column":27}},{"start":{"line":8,"column":19},"end":{"line":8,"column":66}}]},"1":{"loc":{"start":{"line":8,"column":19},"end":{"line":8,"column":27}},"type":"binary-expr","locations":[{"start":{"line":8,"column":19},"end":{"line":8,"column":27}},{"start":{"line":8,"column":19},"end":{"line":8,"column":27}}]},"2":{"loc":{"start":{"line":10,"column":4},"end":{"line":21,"column":null}},"type":"if","locations":[{"start":{"line":10,"column":4},"end":{"line":21,"column":null}}]},"3":{"loc":{"start":{"line":11,"column":8},"end":{"line":16,"column":null}},"type":"if","locations":[{"start":{"line":11,"column":8},"end":{"line":16,"column":null}},{"start":{"line":13,"column":13},"end":{"line":16,"column":null}}]},"4":{"loc":{"start":{"line":18,"column":8},"end":{"line":20,"column":null}},"type":"if","locations":[{"start":{"line":18,"column":8},"end":{"line":20,"column":null}}]},"5":{"loc":{"start":{"line":22,"column":4},"end":{"line":39,"column":null}},"type":"if","locations":[{"start":{"line":22,"column":4},"end":{"line":39,"column":null}}]},"6":{"loc":{"start":{"line":23,"column":8},"end":{"line":34,"column":null}},"type":"if","locations":[{"start":{"line":23,"column":8},"end":{"line":34,"column":null}},{"start":{"line":27,"column":14},"end":{"line":34,"column":null}}]},"7":{"loc":{"start":{"line":27,"column":14},"end":{"line":34,"column":null}},"type":"if","locations":[{"start":{"line":27,"column":14},"end":{"line":34,"column":null}},{"start":{"line":30,"column":13},"end":{"line":34,"column":null}}]},"8":{"loc":{"start":{"line":35,"column":8},"end":{"line":38,"column":null}},"type":"if","locations":[{"start":{"line":35,"column":8},"end":{"line":38,"column":null}}]},"9":{"loc":{"start":{"line":40,"column":4},"end":{"line":53,"column":null}},"type":"if","locations":[{"start":{"line":40,"column":4},"end":{"line":53,"column":null}}]},"10":{"loc":{"start":{"line":41,"column":8},"end":{"line":48,"column":null}},"type":"if","locations":[{"start":{"line":41,"column":8},"end":{"line":48,"column":null}},{"start":{"line":44,"column":13},"end":{"line":48,"column":null}}]},"11":{"loc":{"start":{"line":49,"column":8},"end":{"line":52,"column":null}},"type":"if","locations":[{"start":{"line":49,"column":8},"end":{"line":52,"column":null}}]},"12":{"loc":{"start":{"line":54,"column":4},"end":{"line":78,"column":null}},"type":"if","locations":[{"start":{"line":54,"column":4},"end":{"line":78,"column":null}}]},"13":{"loc":{"start":{"line":56,"column":8},"end":{"line":64,"column":null}},"type":"if","locations":[{"start":{"line":56,"column":8},"end":{"line":64,"column":null}},{"start":{"line":64,"column":13},"end":{"line":64,"column":null}}]},"14":{"loc":{"start":{"line":58,"column":12},"end":{"line":63,"column":null}},"type":"if","locations":[{"start":{"line":58,"column":12},"end":{"line":63,"column":null}}]},"15":{"loc":{"start":{"line":59,"column":16},"end":{"line":62,"column":null}},"type":"if","locations":[{"start":{"line":59,"column":16},"end":{"line":62,"column":null}},{"start":{"line":62,"column":21},"end":{"line":62,"column":null}}]},"16":{"loc":{"start":{"line":66,"column":8},"end":{"line":73,"column":null}},"type":"if","locations":[{"start":{"line":66,"column":8},"end":{"line":73,"column":null}},{"start":{"line":70,"column":13},"end":{"line":73,"column":null}}]},"17":{"loc":{"start":{"line":74,"column":8},"end":{"line":77,"column":null}},"type":"if","locations":[{"start":{"line":74,"column":8},"end":{"line":77,"column":null}}]},"18":{"loc":{"start":{"line":81,"column":4},"end":{"line":98,"column":null}},"type":"if","locations":[{"start":{"line":81,"column":4},"end":{"line":98,"column":null}},{"start":{"line":89,"column":9},"end":{"line":98,"column":null}}]},"19":{"loc":{"start":{"line":82,"column":8},"end":{"line":88,"column":null}},"type":"if","locations":[{"start":{"line":82,"column":8},"end":{"line":88,"column":null}},{"start":{"line":85,"column":13},"end":{"line":88,"column":null}}]},"20":{"loc":{"start":{"line":82,"column":11},"end":{"line":82,"column":33}},"type":"binary-expr","locations":[{"start":{"line":82,"column":11},"end":{"line":82,"column":20}},{"start":{"line":82,"column":24},"end":{"line":82,"column":33}}]},"21":{"loc":{"start":{"line":90,"column":25},"end":{"line":90,"column":79}},"type":"cond-expr","locations":[{"start":{"line":90,"column":38},"end":{"line":90,"column":40}},{"start":{"line":90,"column":25},"end":{"line":90,"column":79}}]},"22":{"loc":{"start":{"line":90,"column":25},"end":{"line":90,"column":40}},"type":"binary-expr","locations":[{"start":{"line":90,"column":25},"end":{"line":90,"column":40}},{"start":{"line":90,"column":25},"end":{"line":90,"column":40}}]},"23":{"loc":{"start":{"line":91,"column":8},"end":{"line":97,"column":null}},"type":"if","locations":[{"start":{"line":91,"column":8},"end":{"line":97,"column":null}},{"start":{"line":94,"column":13},"end":{"line":97,"column":null}}]},"24":{"loc":{"start":{"line":91,"column":11},"end":{"line":91,"column":70}},"type":"binary-expr","locations":[{"start":{"line":91,"column":11},"end":{"line":91,"column":20}},{"start":{"line":91,"column":24},"end":{"line":91,"column":33}},{"start":{"line":91,"column":37},"end":{"line":91,"column":46}},{"start":{"line":91,"column":50},"end":{"line":91,"column":58}},{"start":{"line":91,"column":62},"end":{"line":91,"column":70}}]},"25":{"loc":{"start":{"line":102,"column":4},"end":{"line":102,"column":48}},"type":"cond-expr","locations":[{"start":{"line":102,"column":24},"end":{"line":102,"column":26}},{"start":{"line":102,"column":24},"end":{"line":102,"column":48}}]},"26":{"loc":{"start":{"line":102,"column":4},"end":{"line":102,"column":26}},"type":"binary-expr","locations":[{"start":{"line":102,"column":4},"end":{"line":102,"column":26}},{"start":{"line":102,"column":24},"end":{"line":102,"column":26}}]},"27":{"loc":{"start":{"line":103,"column":4},"end":{"line":103,"column":54}},"type":"cond-expr","locations":[{"start":{"line":103,"column":24},"end":{"line":103,"column":26}},{"start":{"line":103,"column":24},"end":{"line":103,"column":54}}]},"28":{"loc":{"start":{"line":103,"column":4},"end":{"line":103,"column":26}},"type":"binary-expr","locations":[{"start":{"line":103,"column":4},"end":{"line":103,"column":26}},{"start":{"line":103,"column":24},"end":{"line":103,"column":26}}]},"29":{"loc":{"start":{"line":106,"column":4},"end":{"line":106,"column":51}},"type":"cond-expr","locations":[{"start":{"line":106,"column":24},"end":{"line":106,"column":26}},{"start":{"line":106,"column":24},"end":{"line":106,"column":51}}]},"30":{"loc":{"start":{"line":106,"column":4},"end":{"line":106,"column":26}},"type":"binary-expr","locations":[{"start":{"line":106,"column":4},"end":{"line":106,"column":26}},{"start":{"line":106,"column":24},"end":{"line":106,"column":26}}]},"31":{"loc":{"start":{"line":107,"column":4},"end":{"line":107,"column":51}},"type":"cond-expr","locations":[{"start":{"line":107,"column":24},"end":{"line":107,"column":26}},{"start":{"line":107,"column":24},"end":{"line":107,"column":51}}]},"32":{"loc":{"start":{"line":107,"column":4},"end":{"line":107,"column":26}},"type":"binary-expr","locations":[{"start":{"line":107,"column":4},"end":{"line":107,"column":26}},{"start":{"line":107,"column":24},"end":{"line":107,"column":26}}]},"33":{"loc":{"start":{"line":110,"column":4},"end":{"line":110,"column":51}},"type":"cond-expr","locations":[{"start":{"line":110,"column":24},"end":{"line":110,"column":26}},{"start":{"line":110,"column":24},"end":{"line":110,"column":51}}]},"34":{"loc":{"start":{"line":110,"column":4},"end":{"line":110,"column":26}},"type":"binary-expr","locations":[{"start":{"line":110,"column":4},"end":{"line":110,"column":26}},{"start":{"line":110,"column":24},"end":{"line":110,"column":26}}]},"35":{"loc":{"start":{"line":111,"column":4},"end":{"line":111,"column":54}},"type":"cond-expr","locations":[{"start":{"line":111,"column":24},"end":{"line":111,"column":26}},{"start":{"line":111,"column":24},"end":{"line":111,"column":54}}]},"36":{"loc":{"start":{"line":111,"column":4},"end":{"line":111,"column":26}},"type":"binary-expr","locations":[{"start":{"line":111,"column":4},"end":{"line":111,"column":26}},{"start":{"line":111,"column":24},"end":{"line":111,"column":26}}]}},"s":{"0":1,"1":1,"2":1,"3":1,"4":1,"5":9,"6":9,"7":9,"8":2,"9":1,"10":1,"11":1,"12":1,"13":1,"14":2,"15":0,"16":9,"17":3,"18":1,"19":1,"20":1,"21":2,"22":1,"23":1,"24":1,"25":1,"26":1,"27":3,"28":0,"29":0,"30":9,"31":2,"32":1,"33":1,"34":1,"35":1,"36":1,"37":2,"38":0,"39":0,"40":9,"41":2,"42":2,"43":1,"44":1,"45":1,"46":1,"47":1,"48":0,"49":1,"50":2,"51":1,"52":1,"53":1,"54":1,"55":1,"56":2,"57":0,"58":0,"59":9,"60":9,"61":0,"62":0,"63":0,"64":0,"65":0,"66":9,"67":9,"68":0,"69":0,"70":9,"71":9,"72":4,"73":4,"74":5,"75":5,"76":0,"77":0,"78":1},"f":{"0":9,"1":4,"2":5,"3":0},"b":{"0":[0,9],"1":[9,9],"2":[2],"3":[1,1],"4":[0],"5":[3],"6":[1,2],"7":[1,1],"8":[0],"9":[2],"10":[1,1],"11":[0],"12":[2],"13":[1,1],"14":[1],"15":[1,0],"16":[1,1],"17":[0],"18":[0,9],"19":[0,0],"20":[0,0],"21":[9,0],"22":[9,0],"23":[0,9],"24":[9,1,0,0,0],"25":[0,4],"26":[4,4],"27":[0,4],"28":[4,4],"29":[0,5],"30":[5,5],"31":[0,5],"32":[5,5],"33":[0,0],"34":[0,0],"35":[0,0],"36":[0,0]}}
,"C:\\Users\\smeno\\OneDrive\\Рабочий стол\\BikePark\\maket\\js\\mainFunctions\\events\\window\\resize\\windowListenerResize.ts": {"path":"C:\\Users\\smeno\\OneDrive\\Рабочий стол\\BikePark\\maket\\js\\mainFunctions\\events\\window\\resize\\windowListenerResize.ts","statementMap":{"0":{"start":{"line":4,"column":29},"end":{"line":7,"column":null}},"1":{"start":{"line":9,"column":4},"end":{"line":9,"column":null}},"2":{"start":{"line":3,"column":0},"end":{"line":3,"column":16}}},"fnMap":{"0":{"name":"windowListenerResize","decl":{"start":{"line":3,"column":16},"end":{"line":3,"column":36}},"loc":{"start":{"line":3,"column":71},"end":{"line":10,"column":1}}}},"branchMap":{},"s":{"0":1,"1":1,"2":1},"f":{"0":1},"b":{}}
,"C:\\Users\\smeno\\OneDrive\\Рабочий стол\\BikePark\\maket\\js\\mainFunctions\\helpers\\formatDate.ts": {"path":"C:\\Users\\smeno\\OneDrive\\Рабочий стол\\BikePark\\maket\\js\\mainFunctions\\helpers\\formatDate.ts","statementMap":{"0":{"start":{"line":7,"column":0},"end":{"line":18,"column":null}},"1":{"start":{"line":8,"column":30},"end":{"line":8,"column":39}},"2":{"start":{"line":9,"column":4},"end":{"line":14,"column":null}},"3":{"start":{"line":10,"column":25},"end":{"line":10,"column":57}},"4":{"start":{"line":10,"column":53},"end":{"line":10,"column":56}},"5":{"start":{"line":11,"column":8},"end":{"line":11,"column":null}},"6":{"start":{"line":12,"column":10},"end":{"line":14,"column":null}},"7":{"start":{"line":13,"column":8},"end":{"line":13,"column":null}},"8":{"start":{"line":15,"column":4},"end":{"line":17,"column":null}},"9":{"start":{"line":16,"column":8},"end":{"line":16,"column":null}}},"fnMap":{"0":{"name":"(anonymous_0)","decl":{"start":{"line":7,"column":15},"end":{"line":7,"column":16}},"loc":{"start":{"line":7,"column":36},"end":{"line":18,"column":1}}},"1":{"name":"(anonymous_1)","decl":{"start":{"line":10,"column":49},"end":{"line":10,"column":51}},"loc":{"start":{"line":10,"column":53},"end":{"line":10,"column":56}}}},"branchMap":{"0":{"loc":{"start":{"line":9,"column":4},"end":{"line":14,"column":null}},"type":"if","locations":[{"start":{"line":9,"column":4},"end":{"line":14,"column":null}},{"start":{"line":12,"column":10},"end":{"line":14,"column":null}}]},"1":{"loc":{"start":{"line":12,"column":10},"end":{"line":14,"column":null}},"type":"if","locations":[{"start":{"line":12,"column":10},"end":{"line":14,"column":null}}]},"2":{"loc":{"start":{"line":12,"column":13},"end":{"line":12,"column":60}},"type":"binary-expr","locations":[{"start":{"line":12,"column":13},"end":{"line":12,"column":26}},{"start":{"line":12,"column":30},"end":{"line":12,"column":44}},{"start":{"line":12,"column":48},"end":{"line":12,"column":60}}]},"3":{"loc":{"start":{"line":15,"column":4},"end":{"line":17,"column":null}},"type":"if","locations":[{"start":{"line":15,"column":4},"end":{"line":17,"column":null}}]},"4":{"loc":{"start":{"line":15,"column":7},"end":{"line":15,"column":51}},"type":"binary-expr","locations":[{"start":{"line":15,"column":7},"end":{"line":15,"column":19}},{"start":{"line":15,"column":23},"end":{"line":15,"column":35}},{"start":{"line":15,"column":39},"end":{"line":15,"column":51}}]}},"s":{"0":1,"1":3,"2":3,"3":2,"4":4,"5":2,"6":1,"7":1,"8":3,"9":2},"f":{"0":3,"1":4},"b":{"0":[2,1],"1":[1],"2":[1,1,1],"3":[2],"4":[3,2,2]}}
,"C:\\Users\\smeno\\OneDrive\\Рабочий стол\\BikePark\\maket\\js\\mainFunctions\\localState\\scrollWidth.ts": {"path":"C:\\Users\\smeno\\OneDrive\\Рабочий стол\\BikePark\\maket\\js\\mainFunctions\\localState\\scrollWidth.ts","statementMap":{"0":{"start":{"line":1,"column":18},"end":{"line":1,"column":19}},"1":{"start":{"line":4,"column":4},"end":{"line":4,"column":null}},"2":{"start":{"line":3,"column":0},"end":{"line":3,"column":16}},"3":{"start":{"line":7,"column":4},"end":{"line":7,"column":null}},"4":{"start":{"line":6,"column":0},"end":{"line":6,"column":16}}},"fnMap":{"0":{"name":"getScrollWidthLocal","decl":{"start":{"line":3,"column":16},"end":{"line":3,"column":35}},"loc":{"start":{"line":3,"column":35},"end":{"line":5,"column":1}}},"1":{"name":"setScrollWidthLocal","decl":{"start":{"line":6,"column":16},"end":{"line":6,"column":35}},"loc":{"start":{"line":6,"column":55},"end":{"line":8,"column":1}}}},"branchMap":{},"s":{"0":4,"1":9,"2":4,"3":9,"4":4},"f":{"0":9,"1":9},"b":{}}
,"C:\\Users\\smeno\\OneDrive\\Рабочий стол\\BikePark\\maket\\js\\mainFunctions\\localState\\userUidLocal.ts": {"path":"C:\\Users\\smeno\\OneDrive\\Рабочий стол\\BikePark\\maket\\js\\mainFunctions\\localState\\userUidLocal.ts","statementMap":{"0":{"start":{"line":1,"column":14},"end":{"line":1,"column":16}},"1":{"start":{"line":4,"column":4},"end":{"line":4,"column":null}},"2":{"start":{"line":3,"column":0},"end":{"line":3,"column":16}},"3":{"start":{"line":7,"column":4},"end":{"line":7,"column":null}},"4":{"start":{"line":6,"column":0},"end":{"line":6,"column":16}}},"fnMap":{"0":{"name":"getUserUidLocal","decl":{"start":{"line":3,"column":16},"end":{"line":3,"column":31}},"loc":{"start":{"line":3,"column":31},"end":{"line":5,"column":1}}},"1":{"name":"setUserUidLocal","decl":{"start":{"line":6,"column":16},"end":{"line":6,"column":31}},"loc":{"start":{"line":6,"column":47},"end":{"line":8,"column":1}}}},"branchMap":{},"s":{"0":4,"1":7,"2":4,"3":16,"4":4},"f":{"0":7,"1":16},"b":{}}
,"C:\\Users\\smeno\\OneDrive\\Рабочий стол\\BikePark\\maket\\js\\state\\calendarsState\\calendarsRouter.ts": {"path":"C:\\Users\\smeno\\OneDrive\\Рабочий стол\\BikePark\\maket\\js\\state\\calendarsState\\calendarsRouter.ts","statementMap":{"0":{"start":{"line":2,"column":0},"end":{"line":2,"column":47}},"1":{"start":{"line":4,"column":13},"end":{"line":4,"column":23}},"2":{"start":{"line":5,"column":36},"end":{"line":5,"column":116}},"3":{"start":{"line":7,"column":38},"end":{"line":12,"column":null}},"4":{"start":{"line":14,"column":13},"end":{"line":46,"column":null}},"5":{"start":{"line":19,"column":12},"end":{"line":19,"column":null}},"6":{"start":{"line":22,"column":12},"end":{"line":22,"column":null}},"7":{"start":{"line":22,"column":60},"end":{"line":22,"column":66}},"8":{"start":{"line":23,"column":12},"end":{"line":23,"column":null}},"9":{"start":{"line":26,"column":12},"end":{"line":30,"column":null}},"10":{"start":{"line":27,"column":16},"end":{"line":27,"column":null}},"11":{"start":{"line":28,"column":16},"end":{"line":28,"column":null}},"12":{"start":{"line":28,"column":37},"end":{"line":28,"column":43}},"13":{"start":{"line":29,"column":16},"end":{"line":29,"column":null}},"14":{"start":{"line":31,"column":12},"end":{"line":33,"column":null}},"15":{"start":{"line":32,"column":16},"end":{"line":32,"column":null}},"16":{"start":{"line":35,"column":12},"end":{"line":35,"column":null}},"17":{"start":{"line":35,"column":29},"end":{"line":35,"column":35}},"18":{"start":{"line":36,"column":12},"end":{"line":36,"column":null}},"19":{"start":{"line":40,"column":12},"end":{"line":40,"column":null}},"20":{"start":{"line":43,"column":12},"end":{"line":43,"column":null}},"21":{"start":{"line":48,"column":13},"end":{"line":48,"column":100}},"22":{"start":{"line":50,"column":13},"end":{"line":53,"column":null}}},"fnMap":{"0":{"name":"(anonymous_0)","decl":{"start":{"line":18,"column":31},"end":{"line":18,"column":32}},"loc":{"start":{"line":18,"column":85},"end":{"line":20,"column":9}}},"1":{"name":"(anonymous_1)","decl":{"start":{"line":21,"column":31},"end":{"line":21,"column":32}},"loc":{"start":{"line":21,"column":92},"end":{"line":38,"column":9}}},"2":{"name":"(anonymous_2)","decl":{"start":{"line":39,"column":32},"end":{"line":39,"column":33}},"loc":{"start":{"line":39,"column":93},"end":{"line":41,"column":9}}},"3":{"name":"(anonymous_3)","decl":{"start":{"line":42,"column":22},"end":{"line":42,"column":23}},"loc":{"start":{"line":42,"column":75},"end":{"line":44,"column":9}}}},"branchMap":{"0":{"loc":{"start":{"line":22,"column":12},"end":{"line":22,"column":null}},"type":"if","locations":[{"start":{"line":22,"column":12},"end":{"line":22,"column":null}}]},"1":{"loc":{"start":{"line":26,"column":12},"end":{"line":30,"column":null}},"type":"if","locations":[{"start":{"line":26,"column":12},"end":{"line":30,"column":null}}]},"2":{"loc":{"start":{"line":28,"column":16},"end":{"line":28,"column":null}},"type":"if","locations":[{"start":{"line":28,"column":16},"end":{"line":28,"column":null}}]},"3":{"loc":{"start":{"line":31,"column":12},"end":{"line":33,"column":null}},"type":"if","locations":[{"start":{"line":31,"column":12},"end":{"line":33,"column":null}}]},"4":{"loc":{"start":{"line":35,"column":12},"end":{"line":35,"column":null}},"type":"if","locations":[{"start":{"line":35,"column":12},"end":{"line":35,"column":null}}]}},"s":{"0":1,"1":1,"2":1,"3":1,"4":1,"5":0,"6":0,"7":0,"8":0,"9":0,"10":0,"11":0,"12":0,"13":0,"14":0,"15":0,"16":0,"17":0,"18":0,"19":0,"20":0,"21":1,"22":1},"f":{"0":0,"1":0,"2":0,"3":0},"b":{"0":[0],"1":[0],"2":[0],"3":[0],"4":[0]}}
}
