TN:
SF:maket\js\components\middleComponents\searchResult\initQuantityCards\initQuantityCards.ts
FN:3,(anonymous_0)
FNF:1
FNH:1
FNDA:4,(anonymous_0)
DA:3,1
DA:4,4
DA:5,2
DA:7,2
LF:4
LH:4
BRDA:4,0,0,2
BRDA:4,0,1,2
BRF:2
BRH:2
end_of_record
TN:
SF:maket\js\mainFunctions\events\change\calendar\calendarListenerChange.ts
FN:5,(anonymous_0)
FN:31,warning
FN:33,(anonymous_2)
FNF:3
FNH:1
FNDA:2,(anonymous_0)
FNDA:0,warning
FNDA:0,(anonymous_2)
DA:1,1
DA:5,1
DA:6,2
DA:8,2
DA:9,2
DA:10,2
DA:12,2
DA:13,2
DA:14,0
DA:15,2
DA:17,2
DA:18,0
DA:20,2
DA:21,2
DA:22,0
DA:24,2
DA:25,2
DA:26,1
DA:27,1
DA:28,0
DA:32,0
DA:33,0
LF:22
LH:16
BRDA:9,0,0,0
BRDA:9,1,0,1
BRDA:12,2,0,2
BRDA:12,2,1,0
BRDA:12,3,0,2
BRDA:12,3,1,2
BRDA:13,4,0,0
BRDA:13,4,1,2
BRDA:15,5,0,0
BRDA:17,6,0,0
BRDA:17,7,0,2
BRDA:17,7,1,0
BRDA:17,7,2,0
BRDA:20,8,0,2
BRDA:20,8,1,0
BRDA:21,9,0,0
BRDA:24,10,0,2
BRDA:24,10,1,0
BRDA:25,11,0,1
BRDA:25,11,1,1
BRF:20
BRH:10
end_of_record
TN:
SF:maket\js\mainFunctions\events\click\accountButtonClick\accountButtonClick.ts
FN:4,(anonymous_0)
FNF:1
FNH:1
FNDA:6,(anonymous_0)
DA:1,1
DA:4,1
DA:5,6
DA:7,6
DA:8,3
DA:9,3
DA:11,3
DA:12,3
DA:13,3
DA:16,1
LF:10
LH:10
BRDA:7,0,0,3
BRDA:7,0,1,3
BRDA:9,1,0,0
BRDA:9,1,1,3
BRDA:9,2,0,3
BRDA:9,2,1,3
BRDA:12,3,0,0
BRDA:12,3,1,3
BRDA:12,4,0,3
BRDA:12,4,1,3
BRF:10
BRH:8
end_of_record
TN:
SF:maket\js\mainFunctions\events\click\accountOrderClick\accountOrderClick.ts
FN:4,(anonymous_0)
FNF:1
FNH:1
FNDA:3,(anonymous_0)
DA:1,1
DA:4,1
DA:5,3
DA:7,3
DA:8,3
DA:9,2
DA:10,2
DA:11,2
DA:14,1
LF:9
LH:9
BRDA:8,0,0,1
BRDA:9,1,0,0
BRDA:9,1,1,2
BRDA:9,2,0,2
BRDA:9,2,1,2
BRDA:10,3,0,2
BRDA:11,4,0,2
BRDA:11,4,1,0
BRDA:11,5,0,2
BRDA:11,5,1,0
BRF:10
BRH:7
end_of_record
TN:
SF:maket\js\mainFunctions\events\click\addTypeBikeClick\addTypeBikeClick.ts
FN:7,(anonymous_0)
FNF:1
FNH:1
FNDA:2,(anonymous_0)
DA:1,1
DA:7,1
DA:8,2
DA:10,2
DA:12,2
DA:13,2
DA:14,2
DA:15,1
DA:18,1
LF:9
LH:9
BRDA:12,0,0,0
BRDA:14,1,0,1
BRDA:14,2,0,2
BRDA:14,2,1,1
BRDA:14,2,2,1
BRDA:14,2,3,1
BRF:6
BRH:5
end_of_record
TN:
SF:maket\js\mainFunctions\events\click\burgerClick\burgerClick.ts
FN:4,(anonymous_0)
FNF:1
FNH:1
FNDA:4,(anonymous_0)
DA:1,1
DA:4,1
DA:5,4
DA:7,4
DA:8,4
DA:9,4
DA:10,4
DA:12,4
DA:13,4
DA:14,4
DA:15,4
DA:17,4
DA:18,2
DA:19,2
DA:20,2
DA:25,2
DA:27,2
DA:28,2
LF:18
LH:18
BRDA:12,0,0,0
BRDA:12,0,1,4
BRDA:12,1,0,4
BRDA:12,1,1,4
BRDA:13,2,0,4
BRDA:13,2,1,0
BRDA:13,3,0,4
BRDA:13,3,1,0
BRDA:14,4,0,0
BRDA:14,4,1,4
BRDA:14,5,0,4
BRDA:14,5,1,4
BRDA:17,6,0,2
BRDA:17,6,1,2
BRDA:18,7,0,0
BRDA:19,8,0,0
BRDA:27,9,0,0
BRF:17
BRH:10
end_of_record
TN:
SF:maket\js\mainFunctions\events\click\calendarButtonClick\calendarButtonClick.ts
FN:4,(anonymous_0)
FN:9,(anonymous_1)
FNF:2
FNH:2
FNDA:2,(anonymous_0)
FNDA:4,(anonymous_1)
DA:1,1
DA:4,1
DA:5,2
DA:7,2
DA:8,2
DA:9,4
DA:10,2
DA:12,2
DA:13,1
DA:17,1
LF:10
LH:10
BRDA:10,0,0,0
BRDA:10,0,1,2
BRDA:10,1,0,2
BRDA:10,1,1,2
BRDA:12,2,0,1
BRF:5
BRH:4
end_of_record
TN:
SF:maket\js\mainFunctions\events\click\loginTypePopapClick\loginTypePopapClick.ts
FN:3,(anonymous_0)
FN:10,(anonymous_1)
FN:18,(anonymous_2)
FN:24,(anonymous_3)
FNF:4
FNH:4
FNDA:5,(anonymous_0)
FNDA:4,(anonymous_1)
FNDA:2,(anonymous_2)
FNDA:2,(anonymous_3)
DA:3,1
DA:4,5
DA:6,5
DA:7,5
DA:8,5
DA:9,4
DA:10,4
DA:12,4
DA:13,4
DA:14,4
DA:15,2
DA:16,2
DA:18,2
DA:20,2
DA:21,2
DA:22,2
DA:24,2
DA:29,1
LF:18
LH:18
BRDA:7,0,0,0
BRDA:8,1,0,4
BRDA:14,2,0,2
BRDA:14,2,1,2
BRDA:15,3,0,0
BRDA:15,3,1,2
BRDA:15,4,0,2
BRDA:15,4,1,2
BRDA:16,5,0,0
BRDA:16,5,1,2
BRDA:16,6,0,2
BRDA:16,6,1,2
BRDA:20,7,0,2
BRDA:21,8,0,0
BRDA:21,8,1,2
BRDA:21,9,0,2
BRDA:21,9,1,2
BRDA:22,10,0,0
BRDA:22,10,1,2
BRDA:22,11,0,2
BRDA:22,11,1,2
BRF:21
BRH:16
end_of_record
TN:
SF:maket\js\mainFunctions\events\click\moreBicycleButtonClick\moreBicycleButtonClick.ts
FN:3,(anonymous_0)
FNF:1
FNH:1
FNDA:2,(anonymous_0)
DA:3,1
DA:4,2
DA:6,2
DA:7,2
DA:8,2
DA:9,2
DA:10,2
DA:12,1
LF:8
LH:8
BRDA:7,0,0,0
BRDA:8,1,0,0
BRDA:8,1,1,2
BRDA:8,2,0,2
BRDA:8,2,1,2
BRDA:10,3,0,0
BRDA:10,3,1,2
BRDA:10,4,0,2
BRDA:10,4,1,2
BRF:9
BRH:6
end_of_record
TN:
SF:maket\js\mainFunctions\events\click\typeBicycleSlideButtonClick\typeBicycleSlideButtonClick.ts
FN:3,(anonymous_0)
FN:22,(anonymous_1)
FNF:2
FNH:1
FNDA:1,(anonymous_0)
FNDA:0,(anonymous_1)
DA:3,1
DA:4,1
DA:6,1
DA:7,1
DA:9,1
DA:10,1
DA:11,1
DA:12,1
DA:13,1
DA:14,1
DA:16,1
DA:17,1
DA:18,1
DA:20,0
DA:22,1
DA:23,0
DA:24,0
DA:26,0
DA:27,0
DA:29,0
DA:30,0
DA:32,0
DA:33,0
DA:37,1
LF:24
LH:15
BRDA:9,0,0,0
BRDA:13,1,0,0
BRDA:16,2,0,0
BRDA:17,3,0,1
BRDA:17,3,1,0
BRDA:26,4,0,0
BRDA:32,5,0,0
BRF:7
BRH:1
end_of_record
TN:
SF:maket\js\mainFunctions\events\click\userEditParamButtonClick\userEditParamButtonClick.ts
FN:3,(anonymous_0)
FN:12,(anonymous_1)
FNF:2
FNH:2
FNDA:3,(anonymous_0)
FNDA:6,(anonymous_1)
DA:3,1
DA:4,3
DA:6,3
DA:7,3
DA:8,3
DA:9,3
DA:10,3
DA:12,3
DA:13,6
DA:14,4
DA:15,4
DA:16,4
DA:18,2
DA:19,2
DA:20,2
DA:24,1
LF:16
LH:16
BRDA:7,0,0,0
BRDA:9,1,0,0
BRDA:9,1,1,3
BRDA:9,2,0,3
BRDA:9,2,1,3
BRDA:10,3,0,0
BRDA:10,3,1,3
BRDA:10,4,0,3
BRDA:10,4,1,3
BRDA:12,5,0,0
BRDA:12,5,1,3
BRDA:12,6,0,3
BRDA:12,6,1,3
BRDA:13,7,0,4
BRDA:13,7,1,2
BRF:15
BRH:11
end_of_record
TN:
SF:maket\js\mainFunctions\events\input\loginPopapInput\loginPopapInput.ts
FN:5,(anonymous_0)
FN:101,checkTrue
FN:105,checkFalse
FN:109,checkNaN
FNF:4
FNH:3
FNDA:9,(anonymous_0)
FNDA:4,checkTrue
FNDA:5,checkFalse
FNDA:0,checkNaN
DA:3,1
DA:5,1
DA:6,9
DA:8,9
DA:10,9
DA:11,2
DA:12,1
DA:14,1
DA:15,1
DA:18,2
DA:19,0
DA:22,9
DA:23,3
DA:24,1
DA:25,1
DA:26,1
DA:27,2
DA:28,1
DA:29,1
DA:31,1
DA:32,1
DA:33,1
DA:35,3
DA:36,0
DA:37,0
DA:40,9
DA:41,2
DA:42,1
DA:43,1
DA:45,1
DA:46,1
DA:47,1
DA:49,2
DA:50,0
DA:51,0
DA:54,9
DA:55,2
DA:56,2
DA:57,1
DA:58,1
DA:59,1
DA:60,1
DA:61,1
DA:62,0
DA:64,1
DA:66,2
DA:67,1
DA:68,1
DA:69,1
DA:71,1
DA:72,1
DA:74,2
DA:75,0
DA:76,0
DA:80,9
DA:81,9
DA:82,0
DA:83,0
DA:84,0
DA:86,0
DA:87,0
DA:90,9
DA:91,9
DA:92,0
DA:93,0
DA:95,9
DA:96,9
DA:102,4
DA:103,4
DA:106,5
DA:107,5
DA:110,0
DA:111,0
DA:114,1
LF:74
LH:57
BRDA:8,0,0,0
BRDA:8,0,1,9
BRDA:8,1,0,9
BRDA:8,1,1,9
BRDA:10,2,0,2
BRDA:11,3,0,1
BRDA:11,3,1,1
BRDA:18,4,0,0
BRDA:22,5,0,3
BRDA:23,6,0,1
BRDA:23,6,1,2
BRDA:27,7,0,1
BRDA:27,7,1,1
BRDA:35,8,0,0
BRDA:40,9,0,2
BRDA:41,10,0,1
BRDA:41,10,1,1
BRDA:49,11,0,0
BRDA:54,12,0,2
BRDA:56,13,0,1
BRDA:56,13,1,1
BRDA:58,14,0,1
BRDA:59,15,0,1
BRDA:59,15,1,0
BRDA:66,16,0,1
BRDA:66,16,1,1
BRDA:74,17,0,0
BRDA:81,18,0,0
BRDA:81,18,1,9
BRDA:82,19,0,0
BRDA:82,19,1,0
BRDA:82,20,0,0
BRDA:82,20,1,0
BRDA:90,21,0,9
BRDA:90,21,1,0
BRDA:90,22,0,9
BRDA:90,22,1,0
BRDA:91,23,0,0
BRDA:91,23,1,9
BRDA:91,24,0,9
BRDA:91,24,1,1
BRDA:91,24,2,0
BRDA:91,24,3,0
BRDA:91,24,4,0
BRDA:102,25,0,0
BRDA:102,25,1,4
BRDA:102,26,0,4
BRDA:102,26,1,4
BRDA:103,27,0,0
BRDA:103,27,1,4
BRDA:103,28,0,4
BRDA:103,28,1,4
BRDA:106,29,0,0
BRDA:106,29,1,5
BRDA:106,30,0,5
BRDA:106,30,1,5
BRDA:107,31,0,0
BRDA:107,31,1,5
BRDA:107,32,0,5
BRDA:107,32,1,5
BRDA:110,33,0,0
BRDA:110,33,1,0
BRDA:110,34,0,0
BRDA:110,34,1,0
BRDA:111,35,0,0
BRDA:111,35,1,0
BRDA:111,36,0,0
BRDA:111,36,1,0
BRF:68
BRH:39
end_of_record
TN:
SF:maket\js\mainFunctions\events\window\resize\windowListenerResize.ts
FN:3,windowListenerResize
FNF:1
FNH:1
FNDA:1,windowListenerResize
DA:3,1
DA:4,1
DA:9,1
LF:3
LH:3
BRF:0
BRH:0
end_of_record
TN:
SF:maket\js\mainFunctions\helpers\formatDate.ts
FN:7,(anonymous_0)
FN:10,(anonymous_1)
FNF:2
FNH:2
FNDA:3,(anonymous_0)
FNDA:4,(anonymous_1)
DA:7,1
DA:8,3
DA:9,3
DA:10,4
DA:11,2
DA:12,1
DA:13,1
DA:15,3
DA:16,2
LF:9
LH:9
BRDA:9,0,0,2
BRDA:9,0,1,1
BRDA:12,1,0,1
BRDA:12,2,0,1
BRDA:12,2,1,1
BRDA:12,2,2,1
BRDA:15,3,0,2
BRDA:15,4,0,3
BRDA:15,4,1,2
BRDA:15,4,2,2
BRF:10
BRH:10
end_of_record
TN:
SF:maket\js\mainFunctions\localState\scrollWidth.ts
FN:3,getScrollWidthLocal
FN:6,setScrollWidthLocal
FNF:2
FNH:2
FNDA:9,getScrollWidthLocal
FNDA:9,setScrollWidthLocal
DA:1,4
DA:3,4
DA:4,9
DA:6,4
DA:7,9
LF:5
LH:5
BRF:0
BRH:0
end_of_record
TN:
SF:maket\js\mainFunctions\localState\userUidLocal.ts
FN:3,getUserUidLocal
FN:6,setUserUidLocal
FNF:2
FNH:2
FNDA:7,getUserUidLocal
FNDA:16,setUserUidLocal
DA:1,4
DA:3,4
DA:4,7
DA:6,4
DA:7,16
LF:5
LH:5
BRF:0
BRH:0
end_of_record
TN:
SF:maket\js\state\calendarsState\calendarsRouter.ts
FN:18,(anonymous_0)
FN:21,(anonymous_1)
FN:39,(anonymous_2)
FN:42,(anonymous_3)
FNF:4
FNH:0
FNDA:0,(anonymous_0)
FNDA:0,(anonymous_1)
FNDA:0,(anonymous_2)
FNDA:0,(anonymous_3)
DA:2,1
DA:4,1
DA:5,1
DA:7,1
DA:14,1
DA:19,0
DA:22,0
DA:23,0
DA:26,0
DA:27,0
DA:28,0
DA:29,0
DA:31,0
DA:32,0
DA:35,0
DA:36,0
DA:40,0
DA:43,0
DA:48,1
DA:50,1
LF:20
LH:7
BRDA:22,0,0,0
BRDA:26,1,0,0
BRDA:28,2,0,0
BRDA:31,3,0,0
BRDA:35,4,0,0
BRF:5
BRH:0
end_of_record
