{"C:\\Users\\smeno\\OneDrive\\Рабочий стол\\BikePark\\maket\\js\\mainFunctions\\events\\window\\resize\\windowListenerResize.ts": {"path":"C:\\Users\\smeno\\OneDrive\\Рабочий стол\\BikePark\\maket\\js\\mainFunctions\\events\\window\\resize\\windowListenerResize.ts","statementMap":{"0":{"start":{"line":4,"column":29},"end":{"line":7,"column":null}},"1":{"start":{"line":9,"column":4},"end":{"line":9,"column":null}},"2":{"start":{"line":3,"column":0},"end":{"line":3,"column":16}}},"fnMap":{"0":{"name":"windowListenerResize","decl":{"start":{"line":3,"column":16},"end":{"line":3,"column":36}},"loc":{"start":{"line":3,"column":71},"end":{"line":10,"column":1}}}},"branchMap":{},"s":{"0":1,"1":1,"2":1},"f":{"0":1},"b":{}}
,"C:\\Users\\smeno\\OneDrive\\Рабочий стол\\BikePark\\maket\\js\\mainFunctions\\localState\\scrollWidth.ts": {"path":"C:\\Users\\smeno\\OneDrive\\Рабочий стол\\BikePark\\maket\\js\\mainFunctions\\localState\\scrollWidth.ts","statementMap":{"0":{"start":{"line":1,"column":18},"end":{"line":1,"column":19}},"1":{"start":{"line":4,"column":4},"end":{"line":4,"column":null}},"2":{"start":{"line":3,"column":0},"end":{"line":3,"column":16}},"3":{"start":{"line":7,"column":4},"end":{"line":7,"column":null}},"4":{"start":{"line":6,"column":0},"end":{"line":6,"column":16}}},"fnMap":{"0":{"name":"getScrollWidthLocal","decl":{"start":{"line":3,"column":16},"end":{"line":3,"column":35}},"loc":{"start":{"line":3,"column":35},"end":{"line":5,"column":1}}},"1":{"name":"setScrollWidthLocal","decl":{"start":{"line":6,"column":16},"end":{"line":6,"column":35}},"loc":{"start":{"line":6,"column":55},"end":{"line":8,"column":1}}}},"branchMap":{},"s":{"0":1,"1":1,"2":1,"3":2,"4":1},"f":{"0":1,"1":2},"b":{}}
}
